<?xml version="1.0" encoding="UTF-8"?>
<testng-results ignored="0" total="1" passed="1" failed="0" skipped="0">
  <reporter-output>
  </reporter-output>
  <suite started-at="2023-06-23T17:13:07 IST" name="Default suite" finished-at="2023-06-23T17:13:11 IST" duration-ms="3682">
    <groups>
    </groups>
    <test started-at="2023-06-23T17:13:07 IST" name="Default test" finished-at="2023-06-23T17:13:11 IST" duration-ms="3682">
      <class name="Products.EditProduct3821632270118121">
        <test-method signature="editproduct()[pri:0, instance:Products.EditProduct3821632270118121@2a54a73f]" started-at="2023-06-23T17:13:08 IST" name="editproduct" finished-at="2023-06-23T17:13:11 IST" duration-ms="3608" status="PASS">
          <reporter-output>
          </reporter-output>
        </test-method> <!-- editproduct -->
      </class> <!-- Products.EditProduct3821632270118121 -->
    </test> <!-- Default test -->
  </suite> <!-- Default suite -->
</testng-results>
